{"total": {"lines":{"total":156,"covered":143,"skipped":0,"pct":91.66},"statements":{"total":161,"covered":148,"skipped":0,"pct":91.92},"functions":{"total":38,"covered":36,"skipped":0,"pct":94.73},"branches":{"total":34,"covered":31,"skipped":0,"pct":91.17},"branchesTrue":{"total":0,"covered":0,"skipped":0,"pct":100}}
,"/mnt/c/dev/vending-machine-kata/src/CoinAmounts.ts": {"lines":{"total":6,"covered":6,"skipped":0,"pct":100},"functions":{"total":1,"covered":1,"skipped":0,"pct":100},"statements":{"total":7,"covered":7,"skipped":0,"pct":100},"branches":{"total":0,"covered":0,"skipped":0,"pct":100}}
,"/mnt/c/dev/vending-machine-kata/src/CoinCollection.ts": {"lines":{"total":31,"covered":31,"skipped":0,"pct":100},"functions":{"total":9,"covered":9,"skipped":0,"pct":100},"statements":{"total":31,"covered":31,"skipped":0,"pct":100},"branches":{"total":5,"covered":5,"skipped":0,"pct":100}}
,"/mnt/c/dev/vending-machine-kata/src/CoinSizes.ts": {"lines":{"total":6,"covered":6,"skipped":0,"pct":100},"functions":{"total":1,"covered":1,"skipped":0,"pct":100},"statements":{"total":7,"covered":7,"skipped":0,"pct":100},"branches":{"total":0,"covered":0,"skipped":0,"pct":100}}
,"/mnt/c/dev/vending-machine-kata/src/CoinWeights.ts": {"lines":{"total":6,"covered":6,"skipped":0,"pct":100},"functions":{"total":1,"covered":1,"skipped":0,"pct":100},"statements":{"total":7,"covered":7,"skipped":0,"pct":100},"branches":{"total":0,"covered":0,"skipped":0,"pct":100}}
,"/mnt/c/dev/vending-machine-kata/src/ProductCollection.ts": {"lines":{"total":9,"covered":8,"skipped":0,"pct":88.88},"functions":{"total":4,"covered":4,"skipped":0,"pct":100},"statements":{"total":9,"covered":8,"skipped":0,"pct":88.88},"branches":{"total":5,"covered":4,"skipped":0,"pct":80}}
,"/mnt/c/dev/vending-machine-kata/src/ProductPrices.ts": {"lines":{"total":6,"covered":5,"skipped":0,"pct":83.33},"functions":{"total":2,"covered":1,"skipped":0,"pct":50},"statements":{"total":7,"covered":6,"skipped":0,"pct":85.71},"branches":{"total":0,"covered":0,"skipped":0,"pct":100}}
,"/mnt/c/dev/vending-machine-kata/src/VendingMachine.ts": {"lines":{"total":81,"covered":70,"skipped":0,"pct":86.41},"functions":{"total":18,"covered":17,"skipped":0,"pct":94.44},"statements":{"total":82,"covered":71,"skipped":0,"pct":86.58},"branches":{"total":20,"covered":18,"skipped":0,"pct":90}}
,"/mnt/c/dev/vending-machine-kata/src/interfaces/Coin.ts": {"lines":{"total":6,"covered":6,"skipped":0,"pct":100},"functions":{"total":1,"covered":1,"skipped":0,"pct":100},"statements":{"total":6,"covered":6,"skipped":0,"pct":100},"branches":{"total":2,"covered":2,"skipped":0,"pct":100}}
,"/mnt/c/dev/vending-machine-kata/src/interfaces/Product.ts": {"lines":{"total":5,"covered":5,"skipped":0,"pct":100},"functions":{"total":1,"covered":1,"skipped":0,"pct":100},"statements":{"total":5,"covered":5,"skipped":0,"pct":100},"branches":{"total":2,"covered":2,"skipped":0,"pct":100}}
}
