{"/mnt/c/dev/vending-machine-kata/src/CoinAmounts.ts": {"path":"/mnt/c/dev/vending-machine-kata/src/CoinAmounts.ts","statementMap":{"0":{"start":{"line":8,"column":41},"end":{"line":8,"column":52}},"1":{"start":{"line":8,"column":70},"end":{"line":8,"column":80}},"2":{"start":{"line":12,"column":8},"end":{"line":12,"column":24}},"3":{"start":{"line":1,"column":0},"end":{"line":1,"column":13}},"4":{"start":{"line":2,"column":20},"end":{"line":2,"column":60}},"5":{"start":{"line":3,"column":20},"end":{"line":3,"column":62}},"6":{"start":{"line":4,"column":20},"end":{"line":4,"column":57}},"7":{"start":{"line":5,"column":20},"end":{"line":5,"column":64}}},"fnMap":{"0":{"name":"(anonymous_0)","decl":{"start":{"line":8,"column":4},"end":{"line":8,"column":41}},"loc":{"start":{"line":8,"column":80},"end":{"line":9,"column":5}}},"1":{"name":"(anonymous_1)","decl":{"start":{"line":11,"column":4},"end":{"line":11,"column":12}},"loc":{"start":{"line":11,"column":12},"end":{"line":13,"column":5}}}},"branchMap":{},"s":{"0":4,"1":4,"2":0,"3":1,"4":1,"5":1,"6":1,"7":1},"f":{"0":4,"1":0},"b":{}}
,"/mnt/c/dev/vending-machine-kata/src/CoinCollection.ts": {"path":"/mnt/c/dev/vending-machine-kata/src/CoinCollection.ts","statementMap":{"0":{"start":{"line":1,"column":0},"end":{"line":1,"column":39}},"1":{"start":{"line":2,"column":0},"end":{"line":2,"column":42}},"2":{"start":{"line":3,"column":0},"end":{"line":3,"column":35}},"3":{"start":{"line":10,"column":8},"end":{"line":10,"column":32}},"4":{"start":{"line":11,"column":8},"end":{"line":11,"column":45}},"5":{"start":{"line":15,"column":8},"end":{"line":20,"column":10}},"6":{"start":{"line":24,"column":8},"end":{"line":28,"column":null}},"7":{"start":{"line":25,"column":12},"end":{"line":25,"column":62}},"8":{"start":{"line":27,"column":12},"end":{"line":27,"column":38}},"9":{"start":{"line":32,"column":8},"end":{"line":34,"column":null}},"10":{"start":{"line":33,"column":12},"end":{"line":33,"column":95}},"11":{"start":{"line":38,"column":8},"end":{"line":40,"column":null}},"12":{"start":{"line":39,"column":12},"end":{"line":39,"column":43}},"13":{"start":{"line":41,"column":8},"end":{"line":41,"column":27}},"14":{"start":{"line":45,"column":35},"end":{"line":45,"column":101}},"15":{"start":{"line":46,"column":8},"end":{"line":46,"column":114}},"16":{"start":{"line":48,"column":32},"end":{"line":48,"column":95}},"17":{"start":{"line":49,"column":8},"end":{"line":49,"column":108}},"18":{"start":{"line":51,"column":34},"end":{"line":51,"column":99}},"19":{"start":{"line":52,"column":8},"end":{"line":52,"column":112}},"20":{"start":{"line":54,"column":34},"end":{"line":54,"column":98}},"21":{"start":{"line":55,"column":8},"end":{"line":55,"column":111}},"22":{"start":{"line":59,"column":8},"end":{"line":59,"column":41}},"23":{"start":{"line":63,"column":8},"end":{"line":63,"column":39}},"24":{"start":{"line":67,"column":25},"end":{"line":67,"column":66}},"25":{"start":{"line":68,"column":26},"end":{"line":68,"column":42}},"26":{"start":{"line":72,"column":29},"end":{"line":72,"column":58}},"27":{"start":{"line":73,"column":8},"end":{"line":73,"column":46}},"28":{"start":{"line":74,"column":8},"end":{"line":74,"column":40}},"29":{"start":{"line":76,"column":8},"end":{"line":76,"column":28}},"30":{"start":{"line":5,"column":0},"end":{"line":5,"column":13}}},"fnMap":{"0":{"name":"(anonymous_0)","decl":{"start":{"line":9,"column":4},"end":{"line":9,"column":null}},"loc":{"start":{"line":9,"column":4},"end":{"line":12,"column":5}}},"1":{"name":"(anonymous_1)","decl":{"start":{"line":14,"column":4},"end":{"line":14,"column":8}},"loc":{"start":{"line":14,"column":13},"end":{"line":21,"column":5}}},"2":{"name":"(anonymous_2)","decl":{"start":{"line":23,"column":4},"end":{"line":23,"column":10}},"loc":{"start":{"line":23,"column":34},"end":{"line":29,"column":5}}},"3":{"name":"(anonymous_3)","decl":{"start":{"line":31,"column":12},"end":{"line":31,"column":18}},"loc":{"start":{"line":31,"column":42},"end":{"line":35,"column":5}}},"4":{"name":"(anonymous_4)","decl":{"start":{"line":37,"column":4},"end":{"line":37,"column":13}},"loc":{"start":{"line":37,"column":40},"end":{"line":42,"column":5}}},"5":{"name":"(anonymous_5)","decl":{"start":{"line":44,"column":4},"end":{"line":44,"column":16}},"loc":{"start":{"line":44,"column":60},"end":{"line":56,"column":5}}},"6":{"name":"(anonymous_6)","decl":{"start":{"line":58,"column":4},"end":{"line":58,"column":9}},"loc":{"start":{"line":58,"column":20},"end":{"line":60,"column":5}}},"7":{"name":"(anonymous_7)","decl":{"start":{"line":62,"column":12},"end":{"line":62,"column":21}},"loc":{"start":{"line":62,"column":32},"end":{"line":64,"column":5}}},"8":{"name":"(anonymous_8)","decl":{"start":{"line":66,"column":12},"end":{"line":66,"column":28}},"loc":{"start":{"line":66,"column":83},"end":{"line":77,"column":5}}}},"branchMap":{"0":{"loc":{"start":{"line":24,"column":8},"end":{"line":28,"column":null}},"type":"if","locations":[{"start":{"line":24,"column":8},"end":{"line":28,"column":null}},{"start":{"line":26,"column":15},"end":{"line":28,"column":null}}]},"1":{"loc":{"start":{"line":32,"column":8},"end":{"line":34,"column":null}},"type":"if","locations":[{"start":{"line":32,"column":8},"end":{"line":34,"column":null}}]},"2":{"loc":{"start":{"line":59,"column":15},"end":{"line":59,"column":40}},"type":"binary-expr","locations":[{"start":{"line":59,"column":15},"end":{"line":59,"column":35}},{"start":{"line":59,"column":39},"end":{"line":59,"column":40}}]}},"s":{"0":1,"1":1,"2":1,"3":34,"4":34,"5":41,"6":92,"7":27,"8":65,"9":8,"10":8,"11":6,"12":6,"13":6,"14":2,"15":2,"16":2,"17":2,"18":2,"19":2,"20":2,"21":2,"22":172,"23":180,"24":8,"25":8,"26":8,"27":8,"28":8,"29":8,"30":1},"f":{"0":34,"1":41,"2":92,"3":8,"4":6,"5":2,"6":172,"7":180,"8":8},"b":{"0":[27,65],"1":[8],"2":[172,116]}}
,"/mnt/c/dev/vending-machine-kata/src/CoinSizes.ts": {"path":"/mnt/c/dev/vending-machine-kata/src/CoinSizes.ts","statementMap":{"0":{"start":{"line":8,"column":41},"end":{"line":8,"column":52}},"1":{"start":{"line":8,"column":70},"end":{"line":8,"column":80}},"2":{"start":{"line":12,"column":8},"end":{"line":12,"column":24}},"3":{"start":{"line":1,"column":0},"end":{"line":1,"column":13}},"4":{"start":{"line":2,"column":20},"end":{"line":2,"column":55}},"5":{"start":{"line":3,"column":20},"end":{"line":3,"column":57}},"6":{"start":{"line":4,"column":20},"end":{"line":4,"column":52}},"7":{"start":{"line":5,"column":20},"end":{"line":5,"column":59}}},"fnMap":{"0":{"name":"(anonymous_0)","decl":{"start":{"line":8,"column":4},"end":{"line":8,"column":41}},"loc":{"start":{"line":8,"column":80},"end":{"line":9,"column":5}}},"1":{"name":"(anonymous_1)","decl":{"start":{"line":11,"column":4},"end":{"line":11,"column":12}},"loc":{"start":{"line":11,"column":12},"end":{"line":13,"column":5}}}},"branchMap":{},"s":{"0":4,"1":4,"2":0,"3":1,"4":1,"5":1,"6":1,"7":1},"f":{"0":4,"1":0},"b":{}}
,"/mnt/c/dev/vending-machine-kata/src/CoinWeights.ts": {"path":"/mnt/c/dev/vending-machine-kata/src/CoinWeights.ts","statementMap":{"0":{"start":{"line":8,"column":41},"end":{"line":8,"column":52}},"1":{"start":{"line":8,"column":70},"end":{"line":8,"column":80}},"2":{"start":{"line":12,"column":8},"end":{"line":12,"column":24}},"3":{"start":{"line":1,"column":0},"end":{"line":1,"column":13}},"4":{"start":{"line":2,"column":20},"end":{"line":2,"column":61}},"5":{"start":{"line":3,"column":20},"end":{"line":3,"column":62}},"6":{"start":{"line":4,"column":20},"end":{"line":4,"column":56}},"7":{"start":{"line":5,"column":20},"end":{"line":5,"column":63}}},"fnMap":{"0":{"name":"(anonymous_0)","decl":{"start":{"line":8,"column":4},"end":{"line":8,"column":41}},"loc":{"start":{"line":8,"column":80},"end":{"line":9,"column":5}}},"1":{"name":"(anonymous_1)","decl":{"start":{"line":11,"column":4},"end":{"line":11,"column":12}},"loc":{"start":{"line":11,"column":12},"end":{"line":13,"column":5}}}},"branchMap":{},"s":{"0":4,"1":4,"2":0,"3":1,"4":1,"5":1,"6":1,"7":1},"f":{"0":4,"1":0},"b":{}}
,"/mnt/c/dev/vending-machine-kata/src/ProductCollection.ts": {"path":"/mnt/c/dev/vending-machine-kata/src/ProductCollection.ts","statementMap":{"0":{"start":{"line":7,"column":8},"end":{"line":7,"column":51}},"1":{"start":{"line":11,"column":8},"end":{"line":15,"column":null}},"2":{"start":{"line":12,"column":12},"end":{"line":12,"column":74}},"3":{"start":{"line":14,"column":12},"end":{"line":14,"column":44}},"4":{"start":{"line":19,"column":22},"end":{"line":19,"column":41}},"5":{"start":{"line":20,"column":8},"end":{"line":22,"column":null}},"6":{"start":{"line":21,"column":12},"end":{"line":21,"column":50}},"7":{"start":{"line":26,"column":8},"end":{"line":26,"column":47}},"8":{"start":{"line":3,"column":0},"end":{"line":3,"column":13}}},"fnMap":{"0":{"name":"(anonymous_0)","decl":{"start":{"line":6,"column":4},"end":{"line":6,"column":null}},"loc":{"start":{"line":6,"column":4},"end":{"line":8,"column":5}}},"1":{"name":"(anonymous_1)","decl":{"start":{"line":10,"column":4},"end":{"line":10,"column":10}},"loc":{"start":{"line":10,"column":40},"end":{"line":16,"column":5}}},"2":{"name":"(anonymous_2)","decl":{"start":{"line":18,"column":4},"end":{"line":18,"column":12}},"loc":{"start":{"line":18,"column":29},"end":{"line":23,"column":5}}},"3":{"name":"(anonymous_3)","decl":{"start":{"line":25,"column":4},"end":{"line":25,"column":9}},"loc":{"start":{"line":25,"column":26},"end":{"line":27,"column":5}}}},"branchMap":{"0":{"loc":{"start":{"line":11,"column":8},"end":{"line":15,"column":null}},"type":"if","locations":[{"start":{"line":11,"column":8},"end":{"line":15,"column":null}},{"start":{"line":13,"column":15},"end":{"line":15,"column":null}}]},"1":{"loc":{"start":{"line":20,"column":8},"end":{"line":22,"column":null}},"type":"if","locations":[{"start":{"line":20,"column":8},"end":{"line":22,"column":null}}]},"2":{"loc":{"start":{"line":26,"column":15},"end":{"line":26,"column":46}},"type":"binary-expr","locations":[{"start":{"line":26,"column":15},"end":{"line":26,"column":41}},{"start":{"line":26,"column":45},"end":{"line":26,"column":46}}]}},"s":{"0":11,"1":33,"2":0,"3":33,"4":5,"5":5,"6":5,"7":14,"8":1},"f":{"0":11,"1":33,"2":5,"3":14},"b":{"0":[0,33],"1":[5],"2":[14,2]}}
,"/mnt/c/dev/vending-machine-kata/src/ProductPrices.ts": {"path":"/mnt/c/dev/vending-machine-kata/src/ProductPrices.ts","statementMap":{"0":{"start":{"line":7,"column":41},"end":{"line":7,"column":52}},"1":{"start":{"line":7,"column":70},"end":{"line":7,"column":80}},"2":{"start":{"line":11,"column":8},"end":{"line":11,"column":24}},"3":{"start":{"line":1,"column":0},"end":{"line":1,"column":13}},"4":{"start":{"line":2,"column":20},"end":{"line":2,"column":60}},"5":{"start":{"line":3,"column":20},"end":{"line":3,"column":62}},"6":{"start":{"line":4,"column":20},"end":{"line":4,"column":61}}},"fnMap":{"0":{"name":"(anonymous_0)","decl":{"start":{"line":7,"column":4},"end":{"line":7,"column":41}},"loc":{"start":{"line":7,"column":80},"end":{"line":8,"column":5}}},"1":{"name":"(anonymous_1)","decl":{"start":{"line":10,"column":4},"end":{"line":10,"column":12}},"loc":{"start":{"line":10,"column":12},"end":{"line":12,"column":5}}}},"branchMap":{},"s":{"0":3,"1":3,"2":0,"3":1,"4":1,"5":1,"6":1},"f":{"0":3,"1":0},"b":{}}
,"/mnt/c/dev/vending-machine-kata/src/VendingMachine.ts": {"path":"/mnt/c/dev/vending-machine-kata/src/VendingMachine.ts","statementMap":{"0":{"start":{"line":2,"column":0},"end":{"line":2,"column":42}},"1":{"start":{"line":3,"column":0},"end":{"line":3,"column":38}},"2":{"start":{"line":4,"column":0},"end":{"line":4,"column":46}},"3":{"start":{"line":5,"column":0},"end":{"line":5,"column":55}},"4":{"start":{"line":6,"column":0},"end":{"line":6,"column":42}},"5":{"start":{"line":7,"column":0},"end":{"line":7,"column":54}},"6":{"start":{"line":8,"column":0},"end":{"line":8,"column":48}},"7":{"start":{"line":9,"column":0},"end":{"line":9,"column":39}},"8":{"start":{"line":10,"column":0},"end":{"line":10,"column":35}},"9":{"start":{"line":34,"column":8},"end":{"line":38,"column":10}},"10":{"start":{"line":40,"column":8},"end":{"line":40,"column":37}},"11":{"start":{"line":41,"column":8},"end":{"line":41,"column":32}},"12":{"start":{"line":44,"column":8},"end":{"line":44,"column":56}},"13":{"start":{"line":47,"column":8},"end":{"line":47,"column":46}},"14":{"start":{"line":48,"column":8},"end":{"line":48,"column":50}},"15":{"start":{"line":49,"column":8},"end":{"line":49,"column":47}},"16":{"start":{"line":52,"column":8},"end":{"line":52,"column":20}},"17":{"start":{"line":59,"column":8},"end":{"line":59,"column":54}},"18":{"start":{"line":60,"column":8},"end":{"line":60,"column":55}},"19":{"start":{"line":61,"column":8},"end":{"line":61,"column":56}},"20":{"start":{"line":64,"column":8},"end":{"line":64,"column":52}},"21":{"start":{"line":65,"column":8},"end":{"line":65,"column":51}},"22":{"start":{"line":66,"column":8},"end":{"line":66,"column":49}},"23":{"start":{"line":67,"column":8},"end":{"line":67,"column":50}},"24":{"start":{"line":74,"column":8},"end":{"line":74,"column":50}},"25":{"start":{"line":83,"column":8},"end":{"line":90,"column":null}},"26":{"start":{"line":84,"column":25},"end":{"line":84,"column":51}},"27":{"start":{"line":86,"column":12},"end":{"line":86,"column":43}},"28":{"start":{"line":89,"column":12},"end":{"line":89,"column":39}},"29":{"start":{"line":99,"column":8},"end":{"line":110,"column":null}},"30":{"start":{"line":100,"column":12},"end":{"line":100,"column":44}},"31":{"start":{"line":101,"column":12},"end":{"line":101,"column":36}},"32":{"start":{"line":102,"column":15},"end":{"line":110,"column":null}},"33":{"start":{"line":103,"column":12},"end":{"line":107,"column":null}},"34":{"start":{"line":104,"column":16},"end":{"line":104,"column":51}},"35":{"start":{"line":106,"column":16},"end":{"line":106,"column":45}},"36":{"start":{"line":109,"column":12},"end":{"line":109,"column":67}},"37":{"start":{"line":111,"column":8},"end":{"line":111,"column":28}},"38":{"start":{"line":121,"column":8},"end":{"line":123,"column":null}},"39":{"start":{"line":122,"column":12},"end":{"line":122,"column":25}},"40":{"start":{"line":124,"column":8},"end":{"line":124,"column":20}},"41":{"start":{"line":128,"column":26},"end":{"line":128,"column":67}},"42":{"start":{"line":129,"column":31},"end":{"line":134,"column":10}},"43":{"start":{"line":135,"column":8},"end":{"line":141,"column":null}},"44":{"start":{"line":136,"column":41},"end":{"line":136,"column":114}},"45":{"start":{"line":137,"column":12},"end":{"line":140,"column":null}},"46":{"start":{"line":139,"column":16},"end":{"line":139,"column":51}},"47":{"start":{"line":142,"column":8},"end":{"line":142,"column":92}},"48":{"start":{"line":143,"column":8},"end":{"line":143,"column":17}},"49":{"start":{"line":152,"column":21},"end":{"line":152,"column":47}},"50":{"start":{"line":153,"column":8},"end":{"line":153,"column":40}},"51":{"start":{"line":164,"column":26},"end":{"line":164,"column":67}},"52":{"start":{"line":165,"column":31},"end":{"line":170,"column":10}},"53":{"start":{"line":171,"column":8},"end":{"line":176,"column":null}},"54":{"start":{"line":172,"column":41},"end":{"line":172,"column":114}},"55":{"start":{"line":173,"column":12},"end":{"line":175,"column":null}},"56":{"start":{"line":174,"column":16},"end":{"line":174,"column":38}},"57":{"start":{"line":177,"column":8},"end":{"line":177,"column":92}},"58":{"start":{"line":178,"column":8},"end":{"line":178,"column":28}},"59":{"start":{"line":182,"column":8},"end":{"line":182,"column":54}},"60":{"start":{"line":186,"column":8},"end":{"line":186,"column":36}},"61":{"start":{"line":194,"column":30},"end":{"line":194,"column":81}},"62":{"start":{"line":194,"column":59},"end":{"line":194,"column":80}},"63":{"start":{"line":196,"column":8},"end":{"line":196,"column":76}},"64":{"start":{"line":198,"column":8},"end":{"line":198,"column":28}},"65":{"start":{"line":205,"column":8},"end":{"line":205,"column":52}},"66":{"start":{"line":216,"column":8},"end":{"line":237,"column":null}},"67":{"start":{"line":217,"column":12},"end":{"line":217,"column":42}},"68":{"start":{"line":218,"column":15},"end":{"line":237,"column":null}},"69":{"start":{"line":220,"column":12},"end":{"line":220,"column":52}},"70":{"start":{"line":221,"column":12},"end":{"line":221,"column":43}},"71":{"start":{"line":223,"column":34},"end":{"line":223,"column":62}},"72":{"start":{"line":224,"column":12},"end":{"line":226,"column":null}},"73":{"start":{"line":225,"column":16},"end":{"line":225,"column":93}},"74":{"start":{"line":228,"column":12},"end":{"line":228,"column":57}},"75":{"start":{"line":231,"column":12},"end":{"line":235,"column":null}},"76":{"start":{"line":232,"column":16},"end":{"line":232,"column":90}},"77":{"start":{"line":234,"column":16},"end":{"line":234,"column":71}},"78":{"start":{"line":241,"column":8},"end":{"line":241,"column":37}},"79":{"start":{"line":248,"column":8},"end":{"line":248,"column":50}},"80":{"start":{"line":252,"column":8},"end":{"line":252,"column":99}},"81":{"start":{"line":12,"column":0},"end":{"line":12,"column":13}}},"fnMap":{"0":{"name":"(anonymous_0)","decl":{"start":{"line":31,"column":4},"end":{"line":31,"column":null}},"loc":{"start":{"line":31,"column":4},"end":{"line":54,"column":5}}},"1":{"name":"(anonymous_1)","decl":{"start":{"line":56,"column":12},"end":{"line":56,"column":16}},"loc":{"start":{"line":56,"column":16},"end":{"line":68,"column":5}}},"2":{"name":"(anonymous_2)","decl":{"start":{"line":73,"column":11},"end":{"line":73,"column":28}},"loc":{"start":{"line":73,"column":28},"end":{"line":75,"column":5}}},"3":{"name":"(anonymous_3)","decl":{"start":{"line":82,"column":11},"end":{"line":82,"column":21}},"loc":{"start":{"line":82,"column":33},"end":{"line":91,"column":5}}},"4":{"name":"(anonymous_4)","decl":{"start":{"line":97,"column":11},"end":{"line":97,"column":21}},"loc":{"start":{"line":97,"column":21},"end":{"line":112,"column":5}}},"5":{"name":"(anonymous_5)","decl":{"start":{"line":119,"column":12},"end":{"line":119,"column":26}},"loc":{"start":{"line":119,"column":38},"end":{"line":125,"column":5}}},"6":{"name":"(anonymous_6)","decl":{"start":{"line":127,"column":12},"end":{"line":127,"column":24}},"loc":{"start":{"line":127,"column":36},"end":{"line":144,"column":5}}},"7":{"name":"(anonymous_7)","decl":{"start":{"line":151,"column":12},"end":{"line":151,"column":27}},"loc":{"start":{"line":151,"column":39},"end":{"line":154,"column":5}}},"8":{"name":"(anonymous_8)","decl":{"start":{"line":163,"column":12},"end":{"line":163,"column":27}},"loc":{"start":{"line":163,"column":39},"end":{"line":179,"column":5}}},"9":{"name":"(anonymous_9)","decl":{"start":{"line":181,"column":12},"end":{"line":181,"column":24}},"loc":{"start":{"line":181,"column":39},"end":{"line":183,"column":5}}},"10":{"name":"(anonymous_10)","decl":{"start":{"line":185,"column":11},"end":{"line":185,"column":21}},"loc":{"start":{"line":185,"column":21},"end":{"line":187,"column":5}}},"11":{"name":"(anonymous_11)","decl":{"start":{"line":193,"column":11},"end":{"line":193,"column":21}},"loc":{"start":{"line":193,"column":38},"end":{"line":199,"column":5}}},"12":{"name":"(anonymous_12)","decl":{"start":{"line":194,"column":49},"end":{"line":194,"column":50}},"loc":{"start":{"line":194,"column":59},"end":{"line":194,"column":80}}},"13":{"name":"(anonymous_13)","decl":{"start":{"line":204,"column":11},"end":{"line":204,"column":40}},"loc":{"start":{"line":204,"column":57},"end":{"line":206,"column":5}}},"14":{"name":"(anonymous_14)","decl":{"start":{"line":214,"column":12},"end":{"line":214,"column":24}},"loc":{"start":{"line":214,"column":56},"end":{"line":238,"column":5}}},"15":{"name":"(anonymous_15)","decl":{"start":{"line":240,"column":11},"end":{"line":240,"column":24}},"loc":{"start":{"line":240,"column":24},"end":{"line":242,"column":5}}},"16":{"name":"(anonymous_16)","decl":{"start":{"line":247,"column":11},"end":{"line":247,"column":32}},"loc":{"start":{"line":247,"column":32},"end":{"line":249,"column":5}}},"17":{"name":"(anonymous_17)","decl":{"start":{"line":251,"column":12},"end":{"line":251,"column":32}},"loc":{"start":{"line":251,"column":47},"end":{"line":253,"column":5}}}},"branchMap":{"0":{"loc":{"start":{"line":83,"column":8},"end":{"line":90,"column":null}},"type":"if","locations":[{"start":{"line":83,"column":8},"end":{"line":90,"column":null}},{"start":{"line":87,"column":15},"end":{"line":90,"column":null}}]},"1":{"loc":{"start":{"line":99,"column":8},"end":{"line":110,"column":null}},"type":"if","locations":[{"start":{"line":99,"column":8},"end":{"line":110,"column":null}},{"start":{"line":102,"column":15},"end":{"line":110,"column":null}}]},"2":{"loc":{"start":{"line":102,"column":15},"end":{"line":110,"column":null}},"type":"if","locations":[{"start":{"line":102,"column":15},"end":{"line":110,"column":null}},{"start":{"line":108,"column":15},"end":{"line":110,"column":null}}]},"3":{"loc":{"start":{"line":103,"column":12},"end":{"line":107,"column":null}},"type":"if","locations":[{"start":{"line":103,"column":12},"end":{"line":107,"column":null}},{"start":{"line":105,"column":19},"end":{"line":107,"column":null}}]},"4":{"loc":{"start":{"line":121,"column":8},"end":{"line":123,"column":null}},"type":"if","locations":[{"start":{"line":121,"column":8},"end":{"line":123,"column":null}}]},"5":{"loc":{"start":{"line":121,"column":12},"end":{"line":121,"column":90}},"type":"binary-expr","locations":[{"start":{"line":121,"column":12},"end":{"line":121,"column":51}},{"start":{"line":121,"column":55},"end":{"line":121,"column":90}}]},"6":{"loc":{"start":{"line":137,"column":12},"end":{"line":140,"column":null}},"type":"if","locations":[{"start":{"line":137,"column":12},"end":{"line":140,"column":null}}]},"7":{"loc":{"start":{"line":173,"column":12},"end":{"line":175,"column":null}},"type":"if","locations":[{"start":{"line":173,"column":12},"end":{"line":175,"column":null}}]},"8":{"loc":{"start":{"line":216,"column":8},"end":{"line":237,"column":null}},"type":"if","locations":[{"start":{"line":216,"column":8},"end":{"line":237,"column":null}},{"start":{"line":218,"column":15},"end":{"line":237,"column":null}}]},"9":{"loc":{"start":{"line":218,"column":15},"end":{"line":237,"column":null}},"type":"if","locations":[{"start":{"line":218,"column":15},"end":{"line":237,"column":null}},{"start":{"line":230,"column":15},"end":{"line":237,"column":null}}]},"10":{"loc":{"start":{"line":224,"column":12},"end":{"line":226,"column":null}},"type":"if","locations":[{"start":{"line":224,"column":12},"end":{"line":226,"column":null}}]},"11":{"loc":{"start":{"line":231,"column":12},"end":{"line":235,"column":null}},"type":"if","locations":[{"start":{"line":231,"column":12},"end":{"line":235,"column":null}},{"start":{"line":233,"column":19},"end":{"line":235,"column":null}}]}},"s":{"0":1,"1":1,"2":1,"3":1,"4":1,"5":1,"6":1,"7":1,"8":1,"9":11,"10":11,"11":11,"12":11,"13":11,"14":11,"15":11,"16":11,"17":11,"18":11,"19":11,"20":11,"21":11,"22":11,"23":11,"24":1,"25":34,"26":33,"27":33,"28":1,"29":16,"30":8,"31":8,"32":8,"33":4,"34":0,"35":4,"36":4,"37":16,"38":34,"39":1,"40":33,"41":0,"42":0,"43":0,"44":0,"45":0,"46":0,"47":0,"48":0,"49":1,"50":1,"51":34,"52":34,"53":34,"54":130,"55":130,"56":34,"57":0,"58":0,"59":6,"60":8,"61":8,"62":12,"63":8,"64":8,"65":1,"66":8,"67":1,"68":7,"69":5,"70":5,"71":5,"72":5,"73":2,"74":5,"75":2,"76":1,"77":1,"78":3,"79":1,"80":6,"81":1},"f":{"0":11,"1":11,"2":1,"3":34,"4":16,"5":34,"6":0,"7":1,"8":34,"9":6,"10":8,"11":8,"12":12,"13":1,"14":8,"15":3,"16":1,"17":6},"b":{"0":[33,1],"1":[8,8],"2":[4,4],"3":[0,4],"4":[1],"5":[34,1],"6":[0],"7":[34],"8":[1,7],"9":[5,2],"10":[2],"11":[1,1]}}
,"/mnt/c/dev/vending-machine-kata/src/interfaces/Coin.ts": {"path":"/mnt/c/dev/vending-machine-kata/src/interfaces/Coin.ts","statementMap":{"0":{"start":{"line":1,"column":0},"end":{"line":1,"column":null}},"1":{"start":{"line":2,"column":4},"end":{"line":2,"column":null}},"2":{"start":{"line":3,"column":4},"end":{"line":3,"column":null}},"3":{"start":{"line":4,"column":4},"end":{"line":4,"column":null}},"4":{"start":{"line":5,"column":4},"end":{"line":5,"column":null}},"5":{"start":{"line":6,"column":4},"end":{"line":6,"column":null}}},"fnMap":{"0":{"name":"(anonymous_0)","decl":{"start":{"line":1,"column":0},"end":{"line":1,"column":12}},"loc":{"start":{"line":1,"column":16},"end":{"line":7,"column":1}}}},"branchMap":{"0":{"loc":{"start":{"line":1,"column":12},"end":{"line":1,"column":null}},"type":"binary-expr","locations":[{"start":{"line":1,"column":12},"end":{"line":1,"column":16}},{"start":{"line":1,"column":16},"end":{"line":1,"column":null}}]}},"s":{"0":1,"1":1,"2":1,"3":1,"4":1,"5":1},"f":{"0":1},"b":{"0":[1,1]}}
,"/mnt/c/dev/vending-machine-kata/src/interfaces/Product.ts": {"path":"/mnt/c/dev/vending-machine-kata/src/interfaces/Product.ts","statementMap":{"0":{"start":{"line":1,"column":0},"end":{"line":1,"column":null}},"1":{"start":{"line":2,"column":4},"end":{"line":2,"column":null}},"2":{"start":{"line":3,"column":4},"end":{"line":3,"column":null}},"3":{"start":{"line":4,"column":4},"end":{"line":4,"column":null}},"4":{"start":{"line":5,"column":4},"end":{"line":5,"column":null}}},"fnMap":{"0":{"name":"(anonymous_0)","decl":{"start":{"line":1,"column":0},"end":{"line":1,"column":12}},"loc":{"start":{"line":1,"column":19},"end":{"line":6,"column":1}}}},"branchMap":{"0":{"loc":{"start":{"line":1,"column":12},"end":{"line":1,"column":null}},"type":"binary-expr","locations":[{"start":{"line":1,"column":12},"end":{"line":1,"column":19}},{"start":{"line":1,"column":19},"end":{"line":1,"column":null}}]}},"s":{"0":1,"1":1,"2":1,"3":1,"4":1},"f":{"0":1},"b":{"0":[1,1]}}
}
