TN:
SF:src/CoinAmounts.ts
FN:8,(anonymous_0)
FNF:1
FNH:1
FNDA:4,(anonymous_0)
DA:1,1
DA:2,1
DA:3,1
DA:4,1
DA:5,1
DA:8,4
LF:6
LH:6
BRF:0
BRH:0
end_of_record
TN:
SF:src/CoinCollection.ts
FN:9,(anonymous_0)
FN:14,(anonymous_1)
FN:23,(anonymous_2)
FN:31,(anonymous_3)
FN:37,(anonymous_4)
FN:44,(anonymous_5)
FN:58,(anonymous_6)
FN:62,(anonymous_7)
FN:66,(anonymous_8)
FNF:9
FNH:9
FNDA:34,(anonymous_0)
FNDA:41,(anonymous_1)
FNDA:92,(anonymous_2)
FNDA:8,(anonymous_3)
FNDA:6,(anonymous_4)
FNDA:2,(anonymous_5)
FNDA:172,(anonymous_6)
FNDA:180,(anonymous_7)
FNDA:8,(anonymous_8)
DA:1,1
DA:2,1
DA:3,1
DA:5,1
DA:10,34
DA:11,34
DA:15,41
DA:24,92
DA:25,27
DA:27,65
DA:32,8
DA:33,8
DA:38,6
DA:39,6
DA:41,6
DA:45,2
DA:46,2
DA:48,2
DA:49,2
DA:51,2
DA:52,2
DA:54,2
DA:55,2
DA:59,172
DA:63,180
DA:67,8
DA:68,8
DA:72,8
DA:73,8
DA:74,8
DA:76,8
LF:31
LH:31
BRDA:24,0,0,27
BRDA:24,0,1,65
BRDA:32,1,0,8
BRDA:59,2,0,172
BRDA:59,2,1,116
BRF:5
BRH:5
end_of_record
TN:
SF:src/CoinSizes.ts
FN:8,(anonymous_0)
FNF:1
FNH:1
FNDA:4,(anonymous_0)
DA:1,1
DA:2,1
DA:3,1
DA:4,1
DA:5,1
DA:8,4
LF:6
LH:6
BRF:0
BRH:0
end_of_record
TN:
SF:src/CoinWeights.ts
FN:8,(anonymous_0)
FNF:1
FNH:1
FNDA:4,(anonymous_0)
DA:1,1
DA:2,1
DA:3,1
DA:4,1
DA:5,1
DA:8,4
LF:6
LH:6
BRF:0
BRH:0
end_of_record
TN:
SF:src/ProductCollection.ts
FN:6,(anonymous_0)
FN:10,(anonymous_1)
FN:18,(anonymous_2)
FN:25,(anonymous_3)
FNF:4
FNH:4
FNDA:11,(anonymous_0)
FNDA:33,(anonymous_1)
FNDA:5,(anonymous_2)
FNDA:14,(anonymous_3)
DA:3,1
DA:7,11
DA:11,33
DA:12,0
DA:14,33
DA:19,5
DA:20,5
DA:21,5
DA:26,14
LF:9
LH:8
BRDA:11,0,0,0
BRDA:11,0,1,33
BRDA:20,1,0,5
BRDA:26,2,0,14
BRDA:26,2,1,2
BRF:5
BRH:4
end_of_record
TN:
SF:src/ProductPrices.ts
FN:7,(anonymous_0)
FN:10,(anonymous_1)
FNF:2
FNH:1
FNDA:3,(anonymous_0)
FNDA:0,(anonymous_1)
DA:1,1
DA:2,1
DA:3,1
DA:4,1
DA:7,3
DA:11,0
LF:6
LH:5
BRF:0
BRH:0
end_of_record
TN:
SF:src/VendingMachine.ts
FN:31,(anonymous_0)
FN:56,(anonymous_1)
FN:73,(anonymous_2)
FN:82,(anonymous_3)
FN:97,(anonymous_4)
FN:119,(anonymous_5)
FN:127,(anonymous_6)
FN:151,(anonymous_7)
FN:163,(anonymous_8)
FN:181,(anonymous_9)
FN:185,(anonymous_10)
FN:193,(anonymous_11)
FN:194,(anonymous_12)
FN:204,(anonymous_13)
FN:214,(anonymous_14)
FN:240,(anonymous_15)
FN:247,(anonymous_16)
FN:251,(anonymous_17)
FNF:18
FNH:17
FNDA:11,(anonymous_0)
FNDA:11,(anonymous_1)
FNDA:1,(anonymous_2)
FNDA:34,(anonymous_3)
FNDA:16,(anonymous_4)
FNDA:34,(anonymous_5)
FNDA:0,(anonymous_6)
FNDA:1,(anonymous_7)
FNDA:34,(anonymous_8)
FNDA:6,(anonymous_9)
FNDA:8,(anonymous_10)
FNDA:8,(anonymous_11)
FNDA:12,(anonymous_12)
FNDA:1,(anonymous_13)
FNDA:8,(anonymous_14)
FNDA:3,(anonymous_15)
FNDA:1,(anonymous_16)
FNDA:6,(anonymous_17)
DA:2,1
DA:3,1
DA:4,1
DA:5,1
DA:6,1
DA:7,1
DA:8,1
DA:9,1
DA:10,1
DA:12,1
DA:34,11
DA:40,11
DA:41,11
DA:44,11
DA:47,11
DA:48,11
DA:49,11
DA:52,11
DA:59,11
DA:60,11
DA:61,11
DA:64,11
DA:65,11
DA:66,11
DA:67,11
DA:74,1
DA:83,34
DA:84,33
DA:86,33
DA:89,1
DA:99,16
DA:100,8
DA:101,8
DA:102,8
DA:103,4
DA:104,0
DA:106,4
DA:109,4
DA:111,16
DA:121,34
DA:122,1
DA:124,33
DA:128,0
DA:129,0
DA:135,0
DA:136,0
DA:137,0
DA:139,0
DA:142,0
DA:143,0
DA:152,1
DA:153,1
DA:164,34
DA:165,34
DA:171,34
DA:172,130
DA:173,130
DA:174,34
DA:177,0
DA:178,0
DA:182,6
DA:186,8
DA:194,12
DA:196,8
DA:198,8
DA:205,1
DA:216,8
DA:217,1
DA:218,7
DA:220,5
DA:221,5
DA:223,5
DA:224,5
DA:225,2
DA:228,5
DA:231,2
DA:232,1
DA:234,1
DA:241,3
DA:248,1
DA:252,6
LF:81
LH:70
BRDA:83,0,0,33
BRDA:83,0,1,1
BRDA:99,1,0,8
BRDA:99,1,1,8
BRDA:102,2,0,4
BRDA:102,2,1,4
BRDA:103,3,0,0
BRDA:103,3,1,4
BRDA:121,4,0,1
BRDA:121,5,0,34
BRDA:121,5,1,1
BRDA:137,6,0,0
BRDA:173,7,0,34
BRDA:216,8,0,1
BRDA:216,8,1,7
BRDA:218,9,0,5
BRDA:218,9,1,2
BRDA:224,10,0,2
BRDA:231,11,0,1
BRDA:231,11,1,1
BRF:20
BRH:18
end_of_record
TN:
SF:src/interfaces/Coin.ts
FN:1,(anonymous_0)
FNF:1
FNH:1
FNDA:1,(anonymous_0)
DA:1,1
DA:2,1
DA:3,1
DA:4,1
DA:5,1
DA:6,1
LF:6
LH:6
BRDA:1,0,0,1
BRDA:1,0,1,1
BRF:2
BRH:2
end_of_record
TN:
SF:src/interfaces/Product.ts
FN:1,(anonymous_0)
FNF:1
FNH:1
FNDA:1,(anonymous_0)
DA:1,1
DA:2,1
DA:3,1
DA:4,1
DA:5,1
LF:5
LH:5
BRDA:1,0,0,1
BRDA:1,0,1,1
BRF:2
BRH:2
end_of_record
